c:\users\micha\source\repos\gameengine\gameengine\debug\vc141.pdb
c:\users\micha\source\repos\gameengine\gameengine\debug\vc141.idb
c:\users\micha\source\repos\gameengine\gameengine\debug\main.obj
c:\users\micha\source\repos\gameengine\gameengine\debug\appwindow.obj
c:\users\micha\source\repos\gameengine\gameengine\debug\window.obj
c:\users\micha\source\repos\gameengine\gameengine\debug\graphicsengine.obj
c:\users\micha\source\repos\gameengine\debug\gameengine.exe
c:\users\micha\source\repos\gameengine\debug\gameengine.ilk
c:\users\micha\source\repos\gameengine\debug\gameengine.pdb
c:\users\micha\source\repos\gameengine\gameengine\debug\gameengine.tlog\cl.command.1.tlog
c:\users\micha\source\repos\gameengine\gameengine\debug\gameengine.tlog\cl.read.1.tlog
c:\users\micha\source\repos\gameengine\gameengine\debug\gameengine.tlog\cl.write.1.tlog
c:\users\micha\source\repos\gameengine\gameengine\debug\gameengine.tlog\link.4324-cvtres.read.1.tlog
c:\users\micha\source\repos\gameengine\gameengine\debug\gameengine.tlog\link.4324-cvtres.write.1.tlog
c:\users\micha\source\repos\gameengine\gameengine\debug\gameengine.tlog\link.4324-rc.read.1.tlog
c:\users\micha\source\repos\gameengine\gameengine\debug\gameengine.tlog\link.4324-rc.write.1.tlog
c:\users\micha\source\repos\gameengine\gameengine\debug\gameengine.tlog\link.4324.read.1.tlog
c:\users\micha\source\repos\gameengine\gameengine\debug\gameengine.tlog\link.4324.write.1.tlog
c:\users\micha\source\repos\gameengine\gameengine\debug\gameengine.tlog\link.command.1.tlog
c:\users\micha\source\repos\gameengine\gameengine\debug\gameengine.tlog\link.read.1.tlog
c:\users\micha\source\repos\gameengine\gameengine\debug\gameengine.tlog\link.write.1.tlog
